<?xml version="1.0" encoding="UTF-8"?>
<!-- Generated by org.testng.reporters.JUnitReportReporter -->
<testsuite hostname="DESKTOP-SSF70G1" failures="0" tests="1" name="market.Market_Login" time="4.611" errors="0" timestamp="2023-07-24T13:10:21 IST" skipped="0">
  <testcase classname="market.Market_Login" name="login" time="4.611"/>
  <system-out/>
</testsuite> <!-- market.Market_Login -->
