<?xml version="1.0" encoding="UTF-8"?>
<!-- Generated by org.testng.reporters.JUnitReportReporter -->
<testsuite hostname="DESKTOP-SSF70G1" failures="0" tests="2" name="market.GetUser1" time="4.684" errors="0" timestamp="2023-07-18T13:20:18 IST" skipped="0">
  <testcase classname="market.GetUser1" name="login" time="1.597"/>
  <system-out/>
  <testcase classname="market.GetUser1" name="put1" time="3.087"/>
  <system-out/>
</testsuite> <!-- market.GetUser1 -->
