<?xml version="1.0" encoding="UTF-8"?>
<!-- Generated by org.testng.reporters.JUnitReportReporter -->
<testsuite hostname="DESKTOP-SSF70G1" failures="0" tests="1" name="market.GetId1" time="6.052" errors="0" timestamp="2023-07-18T07:27:07 IST" skipped="0">
  <testcase classname="market.GetId1" name="login" time="6.052"/>
  <system-out/>
</testsuite> <!-- market.GetId1 -->
