<?xml version="1.0" encoding="UTF-8"?>
<!-- Generated by org.testng.reporters.JUnitReportReporter -->
<testsuite hostname="DESKTOP-SSF70G1" failures="0" tests="1" name="market.MyRunner" time="8.684" errors="0" timestamp="2023-07-24T14:24:59 IST" skipped="0">
  <testcase classname="market.MyRunner" name="login" time="8.684"/>
  <system-out/>
</testsuite> <!-- market.MyRunner -->
